NTUT_group_project-main/groupProj_calculator/app/build/intermediates/manifest_merge_blame_file/debug/manifest-merger-blame-debug-report.txt
1<?xml version="1.0" encoding="utf-8"?>
2<manifest xmlns:android="http://schemas.android.com/apk/res/android"
3    package="com.example.groupproj_calculator"
4    android:versionCode="1"
5    android:versionName="1.0" >
6
7    <uses-sdk
8        android:minSdkVersion="21"
8-->src\main\AndroidManifest.xml
9        android:targetSdkVersion="31" />
9-->src\main\AndroidManifest.xml
10
11    <application
11-->src\main\AndroidManifest.xml:5:5-27:19
12        android:allowBackup="true"
12-->src\main\AndroidManifest.xml:6:9-35
13        android:appComponentFactory="androidx.core.app.CoreComponentFactory"
13-->[androidx.core:core:1.7.0] AndroidManifest.xml:24:18-86
14        android:debuggable="true"
15        android:icon="@mipmap/ic_launcher"
15-->src\main\AndroidManifest.xml:7:9-43
16        android:label="@string/app_name"
16-->src\main\AndroidManifest.xml:8:9-41
17        android:roundIcon="@mipmap/ic_launcher_round"
17-->src\main\AndroidManifest.xml:9:9-54
18        android:supportsRtl="true"
18-->src\main\AndroidManifest.xml:10:9-35
19        android:testOnly="true"
20        android:theme="@style/Theme.GroupProj_calculator" >
20-->src\main\AndroidManifest.xml:11:9-58
21        <activity
21-->src\main\AndroidManifest.xml:12:9-14:39
22            android:name="com.example.groupproj_calculator.MainActivity3"
22-->src\main\AndroidManifest.xml:13:13-42
23            android:exported="true" />
23-->src\main\AndroidManifest.xml:14:13-36
24        <activity
24-->src\main\AndroidManifest.xml:15:9-17:39
25            android:name="com.example.groupproj_calculator.MainActivity2"
25-->src\main\AndroidManifest.xml:16:13-42
26            android:exported="true" />
26-->src\main\AndroidManifest.xml:17:13-36
27        <activity
27-->src\main\AndroidManifest.xml:18:9-26:20
28            android:name="com.example.groupproj_calculator.MainActivity"
28-->src\main\AndroidManifest.xml:19:13-41
29            android:exported="true" >
29-->src\main\AndroidManifest.xml:20:13-36
30            <intent-filter>
30-->src\main\AndroidManifest.xml:21:13-25:29
31                <action android:name="android.intent.action.MAIN" />
31-->src\main\AndroidManifest.xml:22:17-69
31-->src\main\AndroidManifest.xml:22:25-66
32
33                <category android:name="android.intent.category.LAUNCHER" />
33-->src\main\AndroidManifest.xml:24:17-77
33-->src\main\AndroidManifest.xml:24:27-74
34            </intent-filter>
35        </activity>
36        <activity
36-->[com.google.android.gms:play-services-base:17.4.0] AndroidManifest.xml:23:9-26:75
37            android:name="com.google.android.gms.common.api.GoogleApiActivity"
37-->[com.google.android.gms:play-services-base:17.4.0] AndroidManifest.xml:24:13-79
38            android:exported="false"
38-->[com.google.android.gms:play-services-base:17.4.0] AndroidManifest.xml:25:13-37
39            android:theme="@android:style/Theme.Translucent.NoTitleBar" />
39-->[com.google.android.gms:play-services-base:17.4.0] AndroidManifest.xml:26:13-72
40
41        <meta-data
41-->[com.google.android.gms:play-services-basement:17.4.0] AndroidManifest.xml:23:9-25:69
42            android:name="com.google.android.gms.version"
42-->[com.google.android.gms:play-services-basement:17.4.0] AndroidManifest.xml:24:13-58
43            android:value="@integer/google_play_services_version" />
43-->[com.google.android.gms:play-services-basement:17.4.0] AndroidManifest.xml:25:13-66
44
45        <provider
45-->[androidx.emoji2:emoji2:1.0.0] AndroidManifest.xml:26:9-34:20
46            android:name="androidx.startup.InitializationProvider"
46-->[androidx.emoji2:emoji2:1.0.0] AndroidManifest.xml:27:13-67
47            android:authorities="com.example.groupproj_calculator.androidx-startup"
47-->[androidx.emoji2:emoji2:1.0.0] AndroidManifest.xml:28:13-68
48            android:exported="false" >
48-->[androidx.emoji2:emoji2:1.0.0] AndroidManifest.xml:29:13-37
49            <meta-data
49-->[androidx.emoji2:emoji2:1.0.0] AndroidManifest.xml:31:13-33:52
50                android:name="androidx.emoji2.text.EmojiCompatInitializer"
50-->[androidx.emoji2:emoji2:1.0.0] AndroidManifest.xml:32:17-75
51                android:value="androidx.startup" />
51-->[androidx.emoji2:emoji2:1.0.0] AndroidManifest.xml:33:17-49
52            <meta-data
52-->[androidx.lifecycle:lifecycle-process:2.4.0] AndroidManifest.xml:31:13-33:52
53                android:name="androidx.lifecycle.ProcessLifecycleInitializer"
53-->[androidx.lifecycle:lifecycle-process:2.4.0] AndroidManifest.xml:32:17-78
54                android:value="androidx.startup" />
54-->[androidx.lifecycle:lifecycle-process:2.4.0] AndroidManifest.xml:33:17-49
55        </provider>
56    </application>
57
58</manifest>